0 info it worked if it ends with ok
1 verbose cli [ '/home/vagrant/.nvm/versions/node/v4.6.0/bin/node',
1 verbose cli   '/home/vagrant/.nvm/versions/node/v4.6.0/bin/npm',
1 verbose cli   'i',
1 verbose cli   '--production' ]
2 info using npm@2.15.9
3 info using node@v4.6.0
4 verbose readDependencies loading dependencies from /var/www/package.json
5 error install Couldn't read dependencies
6 verbose stack Error: ENOENT: no such file or directory, open '/var/www/package.json'
6 verbose stack     at Error (native)
7 verbose cwd /var/www
8 error Linux 3.13.0-55-generic
9 error argv "/home/vagrant/.nvm/versions/node/v4.6.0/bin/node" "/home/vagrant/.nvm/versions/node/v4.6.0/bin/npm" "i" "--production"
10 error node v4.6.0
11 error npm  v2.15.9
12 error path /var/www/package.json
13 error code ENOPACKAGEJSON
14 error errno -2
15 error syscall open
16 error package.json ENOENT: no such file or directory, open '/var/www/package.json'
16 error package.json This is most likely not a problem with npm itself.
16 error package.json npm can't find a package.json file in your current directory.
17 verbose exit [ -2, true ]
